<?xml version="1.0" encoding="UTF-8"?>
<testng-results ignored="0" total="1" passed="1" failed="0" skipped="0">
  <reporter-output>
  </reporter-output>
  <suite started-at="2020-06-26T11:30:15 CDT" name="Default suite" finished-at="2020-06-26T11:30:38 CDT" duration-ms="23834">
    <groups>
    </groups>
    <test started-at="2020-06-26T11:30:15 CDT" name="Default test" finished-at="2020-06-26T11:30:38 CDT" duration-ms="23834">
      <class name="test.TestMicrosoftFlow">
        <test-method is-config="true" signature="setup()[pri:0, instance:test.TestMicrosoftFlow@45018215]" started-at="2020-06-26T11:30:15 CDT" name="setup" finished-at="2020-06-26T11:30:21 CDT" duration-ms="6037" status="PASS">
          <reporter-output>
          </reporter-output>
        </test-method> <!-- setup -->
        <test-method signature="test_Flow_1()[pri:0, instance:test.TestMicrosoftFlow@45018215]" started-at="2020-06-26T11:30:21 CDT" name="test_Flow_1" finished-at="2020-06-26T11:30:38 CDT" duration-ms="17750" status="PASS">
          <reporter-output>
          </reporter-output>
        </test-method> <!-- test_Flow_1 -->
      </class> <!-- test.TestMicrosoftFlow -->
    </test> <!-- Default test -->
  </suite> <!-- Default suite -->
</testng-results>
